2025-08-07 19:34:04,826 - INFO - Starting Browser Session...
2025-08-07 19:34:08,541 - INFO - Browser Launch Successfully.
2025-08-07 19:34:09,273 - INFO - URL Open Successfully.
2025-08-07 19:34:09,274 - INFO - TC_TB_001 Started
2025-08-07 19:34:09,348 - INFO - Ticket Number Enter successfully.
2025-08-07 19:34:09,401 - INFO - Ticket Class Silver - $750 selected.
2025-08-07 19:34:09,462 - INFO - Registered User - 'Yes' selected.
2025-08-07 19:34:09,550 - INFO - Valid Promo Code Enter successfully.
2025-08-07 19:34:09,594 - INFO - Click on Book Now button successfully.
2025-08-07 19:34:09,614 - INFO - Test Passed. Expected Final price match with Actual Final Price.
2025-08-07 19:34:09,615 - INFO - Script Complete.
2025-08-07 19:34:09,705 - INFO - End Browser Session...
2025-08-07 19:34:09,705 - INFO - ................
2025-08-07 19:34:09,705 - INFO - ................
2025-08-07 19:34:09,706 - INFO - Starting Browser Session...
2025-08-07 19:34:10,337 - INFO - Browser Launch Successfully.
2025-08-07 19:34:11,011 - INFO - URL Open Successfully.
2025-08-07 19:34:11,092 - INFO - Ticket Number Enter successfully.
2025-08-07 19:34:11,153 - INFO - Ticket Class Platinum - $1500 selected.
2025-08-07 19:34:11,179 - INFO - Registered User - 'Yes' selected.
2025-08-07 19:34:11,216 - INFO - Valid Promo Code Enter successfully.
2025-08-07 19:34:11,265 - INFO - Click on Book Now button successfully.
2025-08-07 19:34:11,284 - INFO - Test Passed. Error Message Display Properly.
2025-08-07 19:34:11,285 - INFO - Script Complete.
2025-08-07 19:34:11,346 - INFO - End Browser Session...
2025-08-07 19:34:11,346 - INFO - ................
2025-08-07 19:34:11,347 - INFO - ................
2025-08-07 20:09:31,189 - INFO - Starting Browser Session...
2025-08-07 20:09:31,786 - INFO - Browser Launch Successfully.
2025-08-07 20:09:32,474 - INFO - URL Open Successfully.
2025-08-07 20:09:32,475 - INFO - TC_TB_001 Started
2025-08-07 20:09:32,538 - INFO - Ticket Number Enter successfully.
2025-08-07 20:09:32,601 - INFO - Ticket Class Silver - $750 selected.
2025-08-07 20:09:32,642 - INFO - Registered User - 'Yes' selected.
2025-08-07 20:09:32,679 - INFO - Valid Promo Code Enter successfully.
2025-08-07 20:09:32,724 - INFO - Click on Book Now button successfully.
2025-08-07 20:09:32,746 - INFO - Test Passed. Expected Final price match with Actual Final Price.
2025-08-07 20:09:32,746 - INFO - TC_TB_002 Completed..
2025-08-07 20:09:32,746 - INFO - Script Complete.
2025-08-07 20:09:32,856 - INFO - End Browser Session...
2025-08-07 20:09:32,856 - INFO - ................
2025-08-07 20:09:32,856 - INFO - ................
2025-08-07 20:09:32,857 - INFO - Starting Browser Session...
2025-08-07 20:09:33,502 - INFO - Browser Launch Successfully.
2025-08-07 20:09:34,176 - INFO - URL Open Successfully.
2025-08-07 20:09:34,177 - INFO - TC_TB_002 Started
2025-08-07 20:09:34,236 - INFO - Ticket Number Enter successfully.
2025-08-07 20:09:34,301 - INFO - Ticket Class Platinum - $1500 selected.
2025-08-07 20:09:34,333 - INFO - Registered User - 'Yes' selected.
2025-08-07 20:09:34,370 - INFO - Valid Promo Code Enter successfully.
2025-08-07 20:09:34,417 - INFO - Click on Book Now button successfully.
2025-08-07 20:09:34,437 - INFO - Test Passed. Error Message Display Properly.
2025-08-07 20:09:34,437 - INFO - TC_TB_002 Completed..
2025-08-07 20:09:34,438 - INFO - Script Complete.
2025-08-07 20:09:34,524 - INFO - End Browser Session...
2025-08-07 20:09:34,525 - INFO - ................
2025-08-07 20:09:34,525 - INFO - ................
2025-08-07 20:10:53,382 - INFO - Starting Browser Session...
2025-08-07 20:10:54,013 - INFO - Browser Launch Successfully.
2025-08-07 20:10:54,736 - INFO - URL Open Successfully.
2025-08-07 20:10:54,736 - INFO - TC_TB_001 Started
2025-08-07 20:10:54,794 - INFO - Ticket Number Enter successfully.
2025-08-07 20:10:54,853 - INFO - Ticket Class Silver - $750 selected.
2025-08-07 20:10:54,884 - INFO - Registered User - 'Yes' selected.
2025-08-07 20:10:54,925 - INFO - Valid Promo Code Enter successfully.
2025-08-07 20:10:54,971 - INFO - Click on Book Now button successfully.
2025-08-07 20:10:54,991 - INFO - Test Passed. Expected Final price match with Actual Final Price.
2025-08-07 20:10:54,991 - INFO - TC_TB_001 Completed..
2025-08-07 20:10:54,992 - INFO - Script Complete.
2025-08-07 20:10:55,099 - INFO - End Browser Session...
2025-08-07 20:10:55,100 - INFO - ................
2025-08-07 20:10:55,100 - INFO - ................
2025-08-07 20:10:55,101 - INFO - Starting Browser Session...
2025-08-07 20:10:55,903 - INFO - Browser Launch Successfully.
2025-08-07 20:10:56,609 - INFO - URL Open Successfully.
2025-08-07 20:10:56,610 - INFO - TC_TB_002 Started
2025-08-07 20:10:56,721 - INFO - Ticket Number Enter successfully.
2025-08-07 20:10:56,823 - INFO - Ticket Class Platinum - $1500 selected.
2025-08-07 20:10:56,871 - INFO - Registered User - 'Yes' selected.
2025-08-07 20:10:56,944 - INFO - Valid Promo Code Enter successfully.
2025-08-07 20:10:56,989 - INFO - Click on Book Now button successfully.
2025-08-07 20:10:57,008 - INFO - Test Passed. Error Message Display Properly.
2025-08-07 20:10:57,008 - INFO - TC_TB_002 Completed..
2025-08-07 20:10:57,009 - INFO - Script Complete.
2025-08-07 20:10:57,067 - INFO - End Browser Session...
2025-08-07 20:10:57,067 - INFO - ................
2025-08-07 20:10:57,067 - INFO - ................
