2025-08-07 19:25:38,349 - INFO - Starting Browser Session...
2025-08-07 19:25:38,942 - INFO - Browser Launch Successfully.
2025-08-07 19:25:39,544 - INFO - URL Open Successfully.
2025-08-07 19:25:39,620 - INFO - Ticket Number Enter successfully.
2025-08-07 19:25:39,676 - INFO - Ticket Class Silver - $750 selected.
2025-08-07 19:25:39,716 - INFO - Registered User - 'Yes' selected.
2025-08-07 19:25:39,751 - INFO - Valid Promo Code Enter successfully.
2025-08-07 19:25:39,795 - INFO - Click on Book Now button successfully.
2025-08-07 19:25:39,819 - INFO - Test Passed. Expected Final price match with Actual Final Price.
2025-08-07 19:25:39,820 - INFO - Script Complete.
2025-08-07 19:25:39,906 - INFO - End Browser Session...
2025-08-07 19:25:39,907 - INFO - Starting Browser Session...
2025-08-07 19:25:40,551 - INFO - Browser Launch Successfully.
2025-08-07 19:25:41,263 - INFO - URL Open Successfully.
2025-08-07 19:25:41,382 - INFO - Ticket Number Enter successfully.
2025-08-07 19:25:41,453 - INFO - Ticket Class Platinum - $1500 selected.
2025-08-07 19:25:41,495 - INFO - Registered User - 'Yes' selected.
2025-08-07 19:25:41,533 - INFO - Valid Promo Code Enter successfully.
2025-08-07 19:25:41,578 - INFO - Click on Book Now button successfully.
2025-08-07 19:25:41,600 - INFO - Test Passed. Error Message Display Properly.
2025-08-07 19:25:41,601 - INFO - Script Complete.
2025-08-07 19:25:41,665 - INFO - End Browser Session...
